[2020-07-22 07:27:00] setup-cron.ERROR: SQLSTATE[HY000] [2002] No such file or directory [] []
[2020-07-22 07:27:06] setup-cron.ERROR: SQLSTATE[HY000] [2002] No such file or directory [] []
[2020-08-14 04:09:37] setup-cron.ERROR: SQLSTATE[HY000] [2002] No such file or directory [] []
[2020-08-17 03:42:31] update-cron.WARNING: Update is already in progress. [] []
[2020-08-17 04:23:18] update-cron.WARNING: Update is already in progress. [] []
[2020-08-17 06:40:19] update-cron.WARNING: Update is already in progress. [] []
[2020-08-17 06:40:19] update-cron.WARNING: Update is already in progress. [] []
[2020-08-17 09:36:55] setup-cron.ERROR: SQLSTATE[HY000] [2002] No such file or directory [] []
[2020-08-17 20:38:06] update-cron.ERROR:  Cron readiness check failure! Found non-readable paths: 	/opt/bitnami/apps/magento/htdocs/generated/code/Magento/Sales/Model/ResourceModel [] []
[2020-08-17 20:38:40] update-cron.WARNING: Update is already in progress. [] []
[2020-08-17 20:42:17] update-cron.WARNING: Update is already in progress. [] []
[2020-08-17 20:48:29] update-cron.WARNING: Update is already in progress. [] []
[2020-08-17 20:46:07] update-cron.ERROR:  Cron readiness check failure! Found non-readable paths: 	/opt/bitnami/apps/magento/htdocs/lib/web/modernizr 	/opt/bitnami/apps/magento/htdocs/lib/web/prototype 	/opt/bitnami/apps/magento/htdocs/lib/web/requirejs 	/opt/bitnami/apps/magento/htdocs/lib/web/scriptaculous 	/opt/bitnami/apps/magento/htdocs/lib/web/tiny_mce_4 	/opt/bitnami/apps/magento/htdocs/lib/web/varien [] []
[2020-08-17 20:42:17] update-cron.WARNING: Update is already in progress. [] []
[2020-08-17 20:46:07] update-cron.WARNING: Update is already in progress. [] []
[2020-08-17 20:38:06] update-cron.WARNING: Update is already in progress. [] []
[2020-08-17 20:38:17] update-cron.ERROR:  Cron readiness check failure! Found non-readable paths: 	/opt/bitnami/apps/magento/htdocs/generated/code/Magento/Captcha/Model/ResourceModel [] []
[2020-08-17 20:43:11] update-cron.ERROR:  Cron readiness check failure! Found non-readable paths: 	/opt/bitnami/apps/magento/htdocs/generated/code/Magento/Framework/App/Config/PostProcessorComposite [] []
[2020-08-17 20:42:17] update-cron.WARNING: Update is already in progress. [] []
[2020-08-17 20:42:17] update-cron.WARNING: Update is already in progress. [] []
[2020-08-17 20:44:43] update-cron.WARNING: Update is already in progress. [] []
[2020-08-17 20:42:17] update-cron.WARNING: Update is already in progress. [] []
[2020-08-17 20:56:59] update-cron.WARNING: Update is already in progress. [] []
[2020-08-17 21:07:36] update-cron.WARNING: Update is already in progress. [] []
[2020-08-17 22:06:03] update-cron.ERROR:  Cron readiness check failure! Found non-readable paths: 	/opt/bitnami/apps/magento/htdocs/dev/tests/integration/testsuite/Magento/Sales/Block/Adminhtml/Report/Filter/Form 	/opt/bitnami/apps/magento/htdocs/dev/tests/integration/tmp 	/opt/bitnami/apps/magento/htdocs/dev/tests/js 	/opt/bitnami/apps/magento/htdocs/dev/tests/setup-integration 	/opt/bitnami/apps/magento/htdocs/dev/tests/static/framework 	/opt/bitnami/apps/magento/htdocs/dev/tests/static/testsuite/Magento 	/opt/bitnami/apps/magento/htdocs/dev/tests/static/tmp [] []
[2020-08-17 22:44:38] update-cron.WARNING: Update is already in progress. [] []
[2020-08-18 00:34:08] update-cron.ERROR:  Cron readiness check failure! Found non-readable paths: 	/opt/bitnami/apps/magento/htdocs/dev/tests/setup-integration/_files/Magento/TestSetupDeclarationModule1/revisions [] []
[2020-08-18 00:38:12] update-cron.ERROR:  Cron readiness check failure! Found non-readable paths: 	/opt/bitnami/apps/magento/htdocs/dev/tests/static/testsuite/Magento/Test/Integrity/Magento/Payment/Config [] []
[2020-08-18 00:34:08] update-cron.WARNING: Update is already in progress. [] []
[2020-08-18 00:52:21] update-cron.WARNING: Update is already in progress. [] []
[2020-08-18 00:49:49] update-cron.ERROR:  Cron readiness check failure! Found non-readable paths: 	/opt/bitnami/apps/magento/htdocs/dev/tests/functional/tests/app/Magento/Swatches/Test/TestCase 	/opt/bitnami/apps/magento/htdocs/dev/tests/integration/framework/Magento 	/opt/bitnami/apps/magento/htdocs/dev/tests/integration/testsuite/Magento 	/opt/bitnami/apps/magento/htdocs/dev/tests/integration/tmp 	/opt/bitnami/apps/magento/htdocs/dev/tests/js 	/opt/bitnami/apps/magento/htdocs/dev/tests/setup-integration 	/opt/bitnami/apps/magento/htdocs/dev/tests/static/framework 	/opt/bitnami/apps/magento/htdocs/dev/tests/static/testsuite/Magento 	/opt/bitnami/apps/magento/htdocs/dev/tests/static/tmp [] []
[2020-08-18 00:50:40] update-cron.ERROR:  Cron readiness check failure! Found non-readable paths: 	/opt/bitnami/apps/magento/htdocs/dev/tests/integration/testsuite/Magento/Sales/Block/Adminhtml/Report/Filter/Form 	/opt/bitnami/apps/magento/htdocs/dev/tests/integration/tmp 	/opt/bitnami/apps/magento/htdocs/dev/tests/js 	/opt/bitnami/apps/magento/htdocs/dev/tests/setup-integration 	/opt/bitnami/apps/magento/htdocs/dev/tests/static/framework 	/opt/bitnami/apps/magento/htdocs/dev/tests/static/testsuite/Magento 	/opt/bitnami/apps/magento/htdocs/dev/tests/static/tmp [] []
[2020-08-18 00:52:22] update-cron.ERROR:  Cron readiness check failure! Found non-readable paths: 	/opt/bitnami/apps/magento/htdocs/dev/tests/integration/testsuite/Magento/Sales/Observer [] []
[2020-08-18 00:56:11] update-cron.WARNING: Update is already in progress. [] []
[2020-08-18 02:18:05] update-cron.ERROR:  Cron readiness check failure! Found non-readable paths: 	/opt/bitnami/apps/magento/htdocs/dev/tests/integration/testsuite/Magento/Webapi/Model/Config/_files [] []
[2020-08-18 02:51:49] update-cron.WARNING: Update is already in progress. [] []
[2020-08-18 02:49:07] update-cron.ERROR:  Cron readiness check failure! Found non-readable paths: 	/opt/bitnami/apps/magento/htdocs/dev/tests/integration/testsuite/Magento/Deploy/_files/zoom3/web/js [] []
[2020-08-18 03:12:11] update-cron.ERROR:  Cron readiness check failure! Found non-readable paths: 	/opt/bitnami/apps/magento/htdocs/dev/tests/integration/testsuite/Magento/AsynchronousOperations/Ui [] []
[2020-08-18 04:48:57] update-cron.WARNING: Update is already in progress. [] []
[2020-08-18 06:37:13] update-cron.WARNING: Update is already in progress. [] []
[2020-08-18 06:37:13] update-cron.WARNING: Update is already in progress. [] []
